TN:
SF:./angular-tree-control.js
FN:1,(anonymous_1)
FN:5,(anonymous_2)
FN:10,classIfDefined
FN:21,ensureDefault
FN:45,(anonymous_5)
FN:47,defaultIsLeaf
FN:51,shallowCopy
FN:70,defaultEquality
FN:104,isSelectedNode
FN:117,(anonymous_10)
FN:130,(anonymous_11)
FN:137,(anonymous_12)
FN:141,(anonymous_13)
FN:161,(anonymous_14)
FN:190,(anonymous_15)
FN:225,(anonymous_16)
FN:226,(anonymous_17)
FN:228,updateNodeOnRootScope
FN:243,(anonymous_19)
FN:249,(anonymous_20)
FN:257,(anonymous_21)
FN:272,(anonymous_22)
FN:278,(anonymous_23)
FN:283,(anonymous_24)
FN:295,(anonymous_25)
FN:300,(anonymous_26)
FN:314,(anonymous_27)
FN:321,(anonymous_28)
FN:322,(anonymous_29)
FN:326,(anonymous_30)
FN:335,(anonymous_31)
FN:339,(anonymous_32)
FN:341,(anonymous_33)
FN:347,(anonymous_34)
FN:349,(anonymous_35)
FN:351,(anonymous_36)
FN:380,(anonymous_37)
FN:384,(anonymous_38)
FNF:38
FNH:38
FNDA:1,(anonymous_1)
FNDA:66,(anonymous_2)
FNDA:2784,classIfDefined
FNDA:938,ensureDefault
FNDA:67,(anonymous_5)
FNDA:1029,defaultIsLeaf
FNDA:440,shallowCopy
FNDA:1216,defaultEquality
FNDA:954,isSelectedNode
FNDA:828,(anonymous_10)
FNDA:844,(anonymous_11)
FNDA:603,(anonymous_12)
FNDA:13,(anonymous_13)
FNDA:19,(anonymous_14)
FNDA:844,(anonymous_15)
FNDA:67,(anonymous_16)
FNDA:67,(anonymous_17)
FNDA:73,updateNodeOnRootScope
FNDA:81,(anonymous_19)
FNDA:44,(anonymous_20)
FNDA:26,(anonymous_21)
FNDA:65,(anonymous_22)
FNDA:1,(anonymous_23)
FNDA:3,(anonymous_24)
FNDA:67,(anonymous_25)
FNDA:5,(anonymous_26)
FNDA:66,(anonymous_27)
FNDA:225,(anonymous_28)
FNDA:3,(anonymous_29)
FNDA:3,(anonymous_30)
FNDA:66,(anonymous_31)
FNDA:24,(anonymous_32)
FNDA:24,(anonymous_33)
FNDA:66,(anonymous_34)
FNDA:225,(anonymous_35)
FNDA:69,(anonymous_36)
FNDA:18,(anonymous_37)
FNDA:225,(anonymous_38)
DA:1,1
DA:4,1
DA:10,1
DA:11,2784
DA:12,390
DA:13,22
DA:15,368
DA:18,2394
DA:21,1
DA:22,938
DA:23,830
DA:26,66
DA:47,1
DA:48,1029
DA:51,1
DA:52,440
DA:53,0
DA:55,0
DA:56,0
DA:58,440
DA:59,440
DA:61,440
DA:62,1294
DA:63,870
DA:68,440
DA:70,1
DA:71,1216
DA:72,996
DA:73,220
DA:74,220
DA:75,220
DA:76,220
DA:77,220
DA:80,67
DA:81,67
DA:82,67
DA:83,67
DA:84,67
DA:85,67
DA:86,67
DA:87,67
DA:88,67
DA:89,67
DA:90,67
DA:91,67
DA:92,67
DA:93,67
DA:94,67
DA:96,67
DA:97,67
DA:98,67
DA:99,67
DA:100,10
DA:102,67
DA:104,1
DA:105,954
DA:106,27
DA:107,927
DA:108,89
DA:109,80
DA:110,31
DA:113,58
DA:117,67
DA:118,828
DA:119,828
DA:120,828
DA:121,4
DA:122,828
DA:123,255
DA:124,573
DA:125,69
DA:127,504
DA:130,67
DA:131,844
DA:132,69
DA:134,775
DA:137,67
DA:138,603
DA:141,67
DA:142,13
DA:143,13
DA:144,13
DA:145,12
DA:148,1
DA:149,1
DA:150,2
DA:151,1
DA:154,1
DA:155,1
DA:157,13
DA:158,13
DA:161,67
DA:162,19
DA:164,1
DA:167,18
DA:168,18
DA:169,8
DA:170,8
DA:171,6
DA:172,6
DA:174,2
DA:177,10
DA:178,8
DA:179,8
DA:182,2
DA:185,18
DA:186,18
DA:190,67
DA:191,844
DA:192,844
DA:193,844
DA:194,844
DA:195,4
DA:197,844
DA:201,67
DA:202,67
DA:212,67
DA:222,67
DA:223,67
DA:226,67
DA:228,67
DA:229,73
DA:230,73
DA:231,4
DA:232,69
DA:233,69
DA:234,69
DA:237,0
DA:238,0
DA:239,0
DA:243,67
DA:244,81
DA:245,81
DA:246,81
DA:247,81
DA:249,81
DA:250,44
DA:251,44
DA:252,44
DA:257,81
DA:258,26
DA:259,26
DA:260,25
DA:261,25
DA:262,16
DA:263,16
DA:266,26
DA:267,10
DA:269,81
DA:272,67
DA:273,65
DA:274,65
DA:275,65
DA:278,67
DA:279,1
DA:280,1
DA:283,67
DA:284,3
DA:285,3
DA:287,3
DA:288,3
DA:295,67
DA:296,67
DA:299,67
DA:300,5
DA:301,5
DA:308,67
DA:315,66
DA:322,225
DA:323,3
DA:324,3
DA:326,3
DA:327,3
DA:336,66
DA:341,24
DA:342,24
DA:348,66
DA:350,225
DA:351,147
DA:352,69
DA:353,11
DA:354,11
DA:358,225
DA:359,2
DA:360,223
DA:361,16
DA:362,16
DA:363,6
DA:364,2
DA:367,16
DA:371,225
DA:372,225
DA:373,225
DA:374,225
DA:375,225
DA:376,225
DA:377,225
DA:378,225
DA:379,225
DA:380,225
DA:381,18
DA:384,225
DA:385,225
DA:386,225
LF:204
LH:198
BRDA:11,1,0,390
BRDA:11,1,1,2394
BRDA:12,2,0,22
BRDA:12,2,1,368
BRDA:22,3,0,830
BRDA:22,3,1,108
BRDA:48,4,0,1029
BRDA:48,4,1,928
BRDA:52,5,0,0
BRDA:52,5,1,440
BRDA:53,6,0,0
BRDA:53,6,1,0
BRDA:58,7,0,440
BRDA:58,7,1,0
BRDA:59,8,0,440
BRDA:59,8,1,440
BRDA:62,9,0,870
BRDA:62,9,1,424
BRDA:62,10,0,1294
BRDA:62,10,1,1294
BRDA:62,11,0,1294
BRDA:62,11,1,424
BRDA:68,12,0,440
BRDA:68,12,1,0
BRDA:71,13,0,996
BRDA:71,13,1,220
BRDA:71,14,0,1216
BRDA:71,14,1,1202
BRDA:80,15,0,67
BRDA:80,15,1,45
BRDA:96,16,0,67
BRDA:96,16,1,66
BRDA:97,17,0,67
BRDA:97,17,1,62
BRDA:105,18,0,27
BRDA:105,18,1,927
BRDA:105,19,0,954
BRDA:105,19,1,865
BRDA:107,20,0,89
BRDA:107,20,1,838
BRDA:107,21,0,927
BRDA:107,21,1,89
BRDA:109,22,0,31
BRDA:109,22,1,49
BRDA:120,23,0,4
BRDA:120,23,1,824
BRDA:120,24,0,828
BRDA:120,24,1,110
BRDA:122,25,0,255
BRDA:122,25,1,573
BRDA:124,26,0,69
BRDA:124,26,1,504
BRDA:131,27,0,69
BRDA:131,27,1,775
BRDA:143,28,0,12
BRDA:143,28,1,1
BRDA:144,29,0,12
BRDA:144,29,1,1
BRDA:149,30,0,3
BRDA:149,30,1,2
BRDA:150,31,0,1
BRDA:150,31,1,1
BRDA:154,32,0,1
BRDA:154,32,1,0
BRDA:157,33,0,13
BRDA:157,33,1,0
BRDA:162,34,0,1
BRDA:162,34,1,18
BRDA:162,35,0,19
BRDA:162,35,1,19
BRDA:162,35,2,17
BRDA:168,36,0,8
BRDA:168,36,1,10
BRDA:170,37,0,6
BRDA:170,37,1,2
BRDA:177,38,0,8
BRDA:177,38,1,2
BRDA:185,39,0,18
BRDA:185,39,1,0
BRDA:194,40,0,4
BRDA:194,40,1,840
BRDA:194,41,0,844
BRDA:194,41,1,110
BRDA:197,42,0,54
BRDA:197,42,1,790
BRDA:201,43,0,2
BRDA:201,43,1,65
BRDA:229,44,0,73
BRDA:229,44,1,0
BRDA:230,45,0,4
BRDA:230,45,1,69
BRDA:230,46,0,73
BRDA:230,46,1,6
BRDA:237,47,0,0
BRDA:237,47,1,0
BRDA:259,48,0,51
BRDA:259,48,1,38
BRDA:261,49,0,16
BRDA:261,49,1,9
BRDA:266,50,0,10
BRDA:266,50,1,16
BRDA:279,51,0,1
BRDA:279,51,1,0
BRDA:299,52,0,5
BRDA:299,52,1,62
BRDA:350,53,0,147
BRDA:350,53,1,78
BRDA:352,54,0,11
BRDA:352,54,1,58
BRDA:358,55,0,2
BRDA:358,55,1,223
BRDA:358,56,0,225
BRDA:358,56,1,209
BRDA:360,57,0,16
BRDA:360,57,1,207
BRDA:363,58,0,2
BRDA:363,58,1,4
BRDA:373,59,0,176
BRDA:373,59,1,49
BRF:119
BRH:107
end_of_record
