TN:
SF:./angular-tree-control.js
FN:1,(anonymous_1)
FN:5,(anonymous_2)
FN:10,classIfDefined
FN:21,ensureDefault
FN:43,(anonymous_5)
FN:45,defaultIsLeaf
FN:49,shallowCopy
FN:68,defaultEquality
FN:106,isSelectedNode
FN:119,(anonymous_10)
FN:132,(anonymous_11)
FN:139,(anonymous_12)
FN:143,(anonymous_13)
FN:163,(anonymous_14)
FN:198,(anonymous_15)
FN:208,(anonymous_16)
FN:213,addChildren
FN:236,(anonymous_18)
FN:237,(anonymous_19)
FN:239,updateNodeOnRootScope
FN:254,(anonymous_21)
FN:260,(anonymous_22)
FN:268,(anonymous_23)
FN:288,(anonymous_24)
FN:300,(anonymous_25)
FN:304,(anonymous_26)
FN:306,(anonymous_27)
FN:313,(anonymous_28)
FN:315,(anonymous_29)
FN:317,(anonymous_30)
FN:346,(anonymous_31)
FN:350,(anonymous_32)
FNF:32
FNH:13
FNDA:1,(anonymous_1)
FNDA:62,(anonymous_2)
FNDA:252,classIfDefined
FNDA:1071,ensureDefault
FNDA:63,(anonymous_5)
FNDA:0,defaultIsLeaf
FNDA:0,shallowCopy
FNDA:0,defaultEquality
FNDA:0,isSelectedNode
FNDA:0,(anonymous_10)
FNDA:0,(anonymous_11)
FNDA:0,(anonymous_12)
FNDA:0,(anonymous_13)
FNDA:0,(anonymous_14)
FNDA:0,(anonymous_15)
FNDA:0,(anonymous_16)
FNDA:0,addChildren
FNDA:63,(anonymous_18)
FNDA:63,(anonymous_19)
FNDA:2,updateNodeOnRootScope
FNDA:2,(anonymous_21)
FNDA:0,(anonymous_22)
FNDA:1,(anonymous_23)
FNDA:63,(anonymous_24)
FNDA:62,(anonymous_25)
FNDA:0,(anonymous_26)
FNDA:0,(anonymous_27)
FNDA:62,(anonymous_28)
FNDA:0,(anonymous_29)
FNDA:0,(anonymous_30)
FNDA:0,(anonymous_31)
FNDA:0,(anonymous_32)
DA:1,1
DA:4,1
DA:10,1
DA:11,252
DA:12,44
DA:13,22
DA:15,22
DA:18,208
DA:21,1
DA:22,1071
DA:23,963
DA:26,62
DA:45,1
DA:46,0
DA:49,1
DA:50,0
DA:51,0
DA:53,0
DA:54,0
DA:56,0
DA:57,0
DA:59,0
DA:60,0
DA:61,0
DA:66,0
DA:68,1
DA:69,0
DA:70,0
DA:71,0
DA:72,0
DA:73,0
DA:74,0
DA:75,0
DA:78,63
DA:79,63
DA:80,63
DA:81,63
DA:82,63
DA:83,63
DA:84,63
DA:85,63
DA:86,63
DA:87,63
DA:88,63
DA:89,63
DA:90,63
DA:91,63
DA:92,63
DA:93,63
DA:94,63
DA:95,63
DA:97,63
DA:98,63
DA:99,63
DA:100,63
DA:101,10
DA:103,63
DA:106,1
DA:107,0
DA:108,0
DA:109,0
DA:110,0
DA:111,0
DA:112,0
DA:115,0
DA:119,63
DA:120,0
DA:121,0
DA:122,0
DA:123,0
DA:124,0
DA:125,0
DA:126,0
DA:127,0
DA:129,0
DA:132,63
DA:133,0
DA:134,0
DA:136,0
DA:139,63
DA:140,0
DA:143,63
DA:144,0
DA:145,0
DA:146,0
DA:147,0
DA:150,0
DA:151,0
DA:152,0
DA:153,0
DA:156,0
DA:157,0
DA:159,0
DA:160,0
DA:163,63
DA:164,0
DA:166,0
DA:169,0
DA:170,0
DA:171,0
DA:172,0
DA:173,0
DA:174,0
DA:175,0
DA:178,0
DA:179,0
DA:180,0
DA:182,0
DA:185,0
DA:186,0
DA:187,0
DA:190,0
DA:193,0
DA:194,0
DA:198,63
DA:199,0
DA:200,0
DA:201,0
DA:202,0
DA:203,0
DA:205,0
DA:208,63
DA:209,0
DA:210,0
DA:212,0
DA:213,0
DA:214,0
DA:215,0
DA:216,0
DA:222,63
DA:223,63
DA:224,63
DA:234,63
DA:237,63
DA:239,63
DA:240,2
DA:241,2
DA:242,0
DA:243,2
DA:244,2
DA:245,2
DA:248,0
DA:249,0
DA:250,0
DA:254,63
DA:255,2
DA:256,2
DA:257,2
DA:258,2
DA:260,2
DA:261,0
DA:262,0
DA:263,0
DA:268,2
DA:269,1
DA:270,1
DA:271,0
DA:272,0
DA:273,0
DA:274,0
DA:277,1
DA:278,1
DA:280,2
DA:288,63
DA:289,63
DA:290,63
DA:295,0
DA:301,62
DA:306,0
DA:307,0
DA:308,0
DA:314,62
DA:316,0
DA:317,0
DA:318,0
DA:319,0
DA:320,0
DA:324,0
DA:325,0
DA:326,0
DA:327,0
DA:328,0
DA:329,0
DA:330,0
DA:333,0
DA:337,0
DA:338,0
DA:339,0
DA:340,0
DA:341,0
DA:342,0
DA:343,0
DA:344,0
DA:345,0
DA:346,0
DA:347,0
DA:350,0
DA:351,0
DA:352,0
LF:199
LH:75
BRDA:11,1,0,44
BRDA:11,1,1,208
BRDA:12,2,0,22
BRDA:12,2,1,22
BRDA:22,3,0,963
BRDA:22,3,1,108
BRDA:46,4,0,0
BRDA:46,4,1,0
BRDA:50,5,0,0
BRDA:50,5,1,0
BRDA:51,6,0,0
BRDA:51,6,1,0
BRDA:56,7,0,0
BRDA:56,7,1,0
BRDA:57,8,0,0
BRDA:57,8,1,0
BRDA:60,9,0,0
BRDA:60,9,1,0
BRDA:60,10,0,0
BRDA:60,10,1,0
BRDA:60,11,0,0
BRDA:60,11,1,0
BRDA:66,12,0,0
BRDA:66,12,1,0
BRDA:69,13,0,0
BRDA:69,13,1,0
BRDA:69,14,0,0
BRDA:69,14,1,0
BRDA:78,15,0,63
BRDA:78,15,1,41
BRDA:97,16,0,63
BRDA:97,16,1,62
BRDA:98,17,0,63
BRDA:98,17,1,58
BRDA:107,18,0,0
BRDA:107,18,1,0
BRDA:107,19,0,0
BRDA:107,19,1,0
BRDA:109,20,0,0
BRDA:109,20,1,0
BRDA:109,21,0,0
BRDA:109,21,1,0
BRDA:111,22,0,0
BRDA:111,22,1,0
BRDA:122,23,0,0
BRDA:122,23,1,0
BRDA:122,24,0,0
BRDA:122,24,1,0
BRDA:124,25,0,0
BRDA:124,25,1,0
BRDA:126,26,0,0
BRDA:126,26,1,0
BRDA:133,27,0,0
BRDA:133,27,1,0
BRDA:145,28,0,0
BRDA:145,28,1,0
BRDA:146,29,0,0
BRDA:146,29,1,0
BRDA:151,30,0,0
BRDA:151,30,1,0
BRDA:152,31,0,0
BRDA:152,31,1,0
BRDA:156,32,0,0
BRDA:156,32,1,0
BRDA:159,33,0,0
BRDA:159,33,1,0
BRDA:164,34,0,0
BRDA:164,34,1,0
BRDA:164,35,0,0
BRDA:164,35,1,0
BRDA:164,35,2,0
BRDA:170,36,0,0
BRDA:170,36,1,0
BRDA:173,37,0,0
BRDA:173,37,1,0
BRDA:178,38,0,0
BRDA:178,38,1,0
BRDA:185,39,0,0
BRDA:185,39,1,0
BRDA:193,40,0,0
BRDA:193,40,1,0
BRDA:202,41,0,0
BRDA:202,41,1,0
BRDA:202,42,0,0
BRDA:202,42,1,0
BRDA:205,43,0,0
BRDA:205,43,1,0
BRDA:214,44,0,0
BRDA:214,44,1,0
BRDA:214,45,0,0
BRDA:214,45,1,0
BRDA:222,46,0,2
BRDA:222,46,1,61
BRDA:223,47,0,0
BRDA:223,47,1,63
BRDA:240,48,0,2
BRDA:240,48,1,0
BRDA:241,49,0,0
BRDA:241,49,1,2
BRDA:241,50,0,2
BRDA:241,50,1,0
BRDA:248,51,0,0
BRDA:248,51,1,0
BRDA:270,52,0,1
BRDA:270,52,1,0
BRDA:272,53,0,0
BRDA:272,53,1,0
BRDA:277,54,0,1
BRDA:277,54,1,0
BRDA:290,55,0,0
BRDA:290,55,1,0
BRDA:308,56,0,0
BRDA:308,56,1,0
BRDA:316,57,0,0
BRDA:316,57,1,0
BRDA:318,58,0,0
BRDA:318,58,1,0
BRDA:324,59,0,0
BRDA:324,59,1,0
BRDA:324,60,0,0
BRDA:324,60,1,0
BRDA:326,61,0,0
BRDA:326,61,1,0
BRDA:329,62,0,0
BRDA:329,62,1,0
BRDA:339,63,0,0
BRDA:339,63,1,0
BRF:127
BRH:20
end_of_record
